<?xml version="1.0" encoding="UTF-8"?>
<testsuite errors="0" failures="0" name="test_suite.TestLogger-20171004180315" skipped="0" tests="3" time="0.036">
	<testcase classname="test_suite.TestLogger" name="testcase_one" time="0.016"/>
	<testcase classname="test_suite.TestLogger" name="testcase_three" time="0.017"/>
	<testcase classname="test_suite.TestLogger" name="testcase_two" time="0.003"/>
	<system-out>
<![CDATA[]]>	</system-out>
	<system-err>
<![CDATA[]]>	</system-err>
</testsuite>
